[CEF Python] Initialize() called
[CEF Python] CefExecuteProcess(): exitCode = -1
[CEF Python] DEPRECATED: 'release_dcheck_enabled' setting
[CEF Python] CefInitialize()
[CEF Python] App_OnBeforeCommandLineProcessing_BrowserProcess()
[CEF Python] App: Command line string for the browser process:  --browser-subprocess-path=/home/sch/prj/pytigon/ext_lib_cli_lin/cefpython3/subprocess --no-sandbox --lang=en-US --log-file=/home/sch/prj/pytigon/schappdata/schplugins/standard/webview/cef/debug.log --log-severity=info --resources-dir-path=/home/sch/prj/pytigon/ext_lib_cli_lin/cefpython3 --locales-dir-path=/home/sch/prj/pytigon/ext_lib_cli_lin/cefpython3/locales --remote-debugging-port=55717
[CEF Python] BrowserProcessHandler_OnBeforeChildProcessLaunch()
[CEF Python] BrowserProcessHandler_OnBeforeChildProcessLaunch()
[CEF Python] BrowserProcessHandler_OnBeforeChildProcessLaunch()
[CEF Python] WindowUtils::IsWindowHandle() not implemented (always True)
[CEF Python] CreateBrowserSync() called
[CEF Python] navigateUrl: 
[CEF Python] CefBrowser::CreateBrowserSync()
[CEF Python] App: X error received: type 0, serial 155, error_code 8, request_code 1, minor_code 0

[CEF Python] App: X error received: type 0, serial 156, error_code 3, request_code 2, minor_code 0

[CEF Python] App: X error received: type 0, serial 157, error_code 3, request_code 131, minor_code 46

[CEF Python] App: X error received: type 0, serial 158, error_code 3, request_code 18, minor_code 0

[CEF Python] App: X error received: type 0, serial 159, error_code 3, request_code 18, minor_code 0

[CEF Python] App: X error received: type 0, serial 160, error_code 3, request_code 18, minor_code 0

[CEF Python] App: X error received: type 0, serial 161, error_code 3, request_code 18, minor_code 0

[CEF Python] App: X error received: type 0, serial 162, error_code 3, request_code 18, minor_code 0

[CEF Python] App: X error received: type 0, serial 164, error_code 3, request_code 18, minor_code 0

[CEF Python] App: X error received: type 0, serial 295, error_code 3, request_code 18, minor_code 0

[CEF Python] App: X error received: type 0, serial 297, error_code 3, request_code 129, minor_code 1

[CEF Python] App: X error received: type 0, serial 305, error_code 3, request_code 18, minor_code 0

[CEF Python] App: X error received: type 0, serial 306, error_code 3, request_code 18, minor_code 0

[CEF Python] App: X error received: type 0, serial 307, error_code 3, request_code 8, minor_code 0

[CEF Python] Initialize() called
[CEF Python] CefExecuteProcess(): exitCode = -1
[CEF Python] DEPRECATED: 'release_dcheck_enabled' setting
[CEF Python] CefInitialize()
[CEF Python] App_OnBeforeCommandLineProcessing_BrowserProcess()
[CEF Python] App: Command line string for the browser process:  --browser-subprocess-path=/home/sch/prj/pytigon/ext_lib_cli_lin/cefpython3/subprocess --no-sandbox --lang=en-US --log-file=/home/sch/prj/pytigon/schappdata/schplugins/standard/webview/cef/debug.log --log-severity=info --resources-dir-path=/home/sch/prj/pytigon/ext_lib_cli_lin/cefpython3 --locales-dir-path=/home/sch/prj/pytigon/ext_lib_cli_lin/cefpython3/locales --remote-debugging-port=55137
[CEF Python] BrowserProcessHandler_OnBeforeChildProcessLaunch()
[CEF Python] BrowserProcessHandler_OnBeforeChildProcessLaunch()
[CEF Python] BrowserProcessHandler_OnBeforeChildProcessLaunch()
[CEF Python] WindowUtils::IsWindowHandle() not implemented (always True)
[CEF Python] CreateBrowserSync() called
[CEF Python] navigateUrl: 
[CEF Python] CefBrowser::CreateBrowserSync()
[CEF Python] App: X error received: type 0, serial 155, error_code 8, request_code 1, minor_code 0

[CEF Python] App: X error received: type 0, serial 156, error_code 3, request_code 2, minor_code 0

[CEF Python] App: X error received: type 0, serial 157, error_code 3, request_code 131, minor_code 46

[CEF Python] App: X error received: type 0, serial 158, error_code 3, request_code 18, minor_code 0

[CEF Python] App: X error received: type 0, serial 159, error_code 3, request_code 18, minor_code 0

[CEF Python] App: X error received: type 0, serial 160, error_code 3, request_code 18, minor_code 0

[CEF Python] App: X error received: type 0, serial 161, error_code 3, request_code 18, minor_code 0

[CEF Python] App: X error received: type 0, serial 162, error_code 3, request_code 18, minor_code 0

[CEF Python] App: X error received: type 0, serial 164, error_code 3, request_code 18, minor_code 0

[CEF Python] App: X error received: type 0, serial 295, error_code 3, request_code 18, minor_code 0

[CEF Python] App: X error received: type 0, serial 297, error_code 3, request_code 129, minor_code 1

[CEF Python] App: X error received: type 0, serial 305, error_code 3, request_code 18, minor_code 0

[CEF Python] App: X error received: type 0, serial 306, error_code 3, request_code 18, minor_code 0

[CEF Python] App: X error received: type 0, serial 307, error_code 3, request_code 8, minor_code 0

[CEF Python] Initialize() called
[CEF Python] CefExecuteProcess(): exitCode = -1
[CEF Python] DEPRECATED: 'release_dcheck_enabled' setting
[CEF Python] CefInitialize()
[CEF Python] App_OnBeforeCommandLineProcessing_BrowserProcess()
[CEF Python] App: Command line string for the browser process:  --browser-subprocess-path=/home/sch/prj/pytigon/ext_lib_cli_lin/cefpython3/subprocess --no-sandbox --lang=en-US --log-file=/home/sch/prj/pytigon/schappdata/schplugins/standard/webview/cef/debug.log --log-severity=info --resources-dir-path=/home/sch/prj/pytigon/ext_lib_cli_lin/cefpython3 --locales-dir-path=/home/sch/prj/pytigon/ext_lib_cli_lin/cefpython3/locales --remote-debugging-port=58130
[CEF Python] BrowserProcessHandler_OnBeforeChildProcessLaunch()
[CEF Python] BrowserProcessHandler_OnBeforeChildProcessLaunch()
[CEF Python] BrowserProcessHandler_OnBeforeChildProcessLaunch()
[CEF Python] WindowUtils::IsWindowHandle() not implemented (always True)
[CEF Python] CreateBrowserSync() called
[CEF Python] navigateUrl: 
[CEF Python] CefBrowser::CreateBrowserSync()
[CEF Python] App: X error received: type 0, serial 155, error_code 8, request_code 1, minor_code 0

[CEF Python] App: X error received: type 0, serial 156, error_code 3, request_code 2, minor_code 0

[CEF Python] App: X error received: type 0, serial 157, error_code 3, request_code 131, minor_code 46

[CEF Python] App: X error received: type 0, serial 158, error_code 3, request_code 18, minor_code 0

[CEF Python] App: X error received: type 0, serial 159, error_code 3, request_code 18, minor_code 0

[CEF Python] App: X error received: type 0, serial 160, error_code 3, request_code 18, minor_code 0

[CEF Python] App: X error received: type 0, serial 161, error_code 3, request_code 18, minor_code 0

[CEF Python] App: X error received: type 0, serial 162, error_code 3, request_code 18, minor_code 0

[CEF Python] App: X error received: type 0, serial 164, error_code 3, request_code 18, minor_code 0

[CEF Python] App: X error received: type 0, serial 295, error_code 3, request_code 18, minor_code 0

[CEF Python] App: X error received: type 0, serial 297, error_code 3, request_code 129, minor_code 1

[CEF Python] App: X error received: type 0, serial 305, error_code 3, request_code 18, minor_code 0

[CEF Python] App: X error received: type 0, serial 306, error_code 3, request_code 18, minor_code 0

[CEF Python] App: X error received: type 0, serial 307, error_code 3, request_code 8, minor_code 0

[CEF Python] Initialize() called
[CEF Python] CefExecuteProcess(): exitCode = -1
[CEF Python] DEPRECATED: 'release_dcheck_enabled' setting
[CEF Python] CefInitialize()
[CEF Python] App_OnBeforeCommandLineProcessing_BrowserProcess()
[CEF Python] App: Command line string for the browser process:  --browser-subprocess-path=/home/sch/prj/pytigon/ext_lib_cli_lin/cefpython3/subprocess --no-sandbox --lang=en-US --log-file=/home/sch/prj/pytigon/schappdata/schplugins/standard/webview/cef/debug.log --log-severity=info --resources-dir-path=/home/sch/prj/pytigon/ext_lib_cli_lin/cefpython3 --locales-dir-path=/home/sch/prj/pytigon/ext_lib_cli_lin/cefpython3/locales --remote-debugging-port=53751
[CEF Python] BrowserProcessHandler_OnBeforeChildProcessLaunch()
[CEF Python] BrowserProcessHandler_OnBeforeChildProcessLaunch()
[CEF Python] BrowserProcessHandler_OnBeforeChildProcessLaunch()
[CEF Python] WindowUtils::IsWindowHandle() not implemented (always True)
[CEF Python] CreateBrowserSync() called
[CEF Python] navigateUrl: 
[CEF Python] CefBrowser::CreateBrowserSync()
[CEF Python] App: X error received: type 0, serial 155, error_code 8, request_code 1, minor_code 0

[CEF Python] App: X error received: type 0, serial 156, error_code 3, request_code 2, minor_code 0

[CEF Python] App: X error received: type 0, serial 157, error_code 3, request_code 131, minor_code 46

[CEF Python] App: X error received: type 0, serial 158, error_code 3, request_code 18, minor_code 0

[CEF Python] App: X error received: type 0, serial 159, error_code 3, request_code 18, minor_code 0

[CEF Python] App: X error received: type 0, serial 160, error_code 3, request_code 18, minor_code 0

[CEF Python] App: X error received: type 0, serial 161, error_code 3, request_code 18, minor_code 0

[CEF Python] App: X error received: type 0, serial 162, error_code 3, request_code 18, minor_code 0

[CEF Python] App: X error received: type 0, serial 164, error_code 3, request_code 18, minor_code 0

[CEF Python] App: X error received: type 0, serial 295, error_code 3, request_code 18, minor_code 0

[CEF Python] App: X error received: type 0, serial 297, error_code 3, request_code 129, minor_code 1

[CEF Python] App: X error received: type 0, serial 305, error_code 3, request_code 18, minor_code 0

[CEF Python] App: X error received: type 0, serial 306, error_code 3, request_code 18, minor_code 0

[CEF Python] App: X error received: type 0, serial 307, error_code 3, request_code 8, minor_code 0

[CEF Python] Initialize() called
[CEF Python] CefExecuteProcess(): exitCode = -1
[CEF Python] DEPRECATED: 'release_dcheck_enabled' setting
[CEF Python] CefInitialize()
[CEF Python] App_OnBeforeCommandLineProcessing_BrowserProcess()
[CEF Python] App: Command line string for the browser process:  --browser-subprocess-path=/home/sch/prj/pytigon/ext_lib_cli_lin/cefpython3/subprocess --no-sandbox --lang=en-US --log-file=/home/sch/prj/pytigon/schappdata/schplugins/standard/webview/cef/debug.log --log-severity=info --resources-dir-path=/home/sch/prj/pytigon/ext_lib_cli_lin/cefpython3 --locales-dir-path=/home/sch/prj/pytigon/ext_lib_cli_lin/cefpython3/locales --remote-debugging-port=51169
[CEF Python] BrowserProcessHandler_OnBeforeChildProcessLaunch()
[CEF Python] BrowserProcessHandler_OnBeforeChildProcessLaunch()
[CEF Python] BrowserProcessHandler_OnBeforeChildProcessLaunch()
[CEF Python] WindowUtils::IsWindowHandle() not implemented (always True)
[CEF Python] CreateBrowserSync() called
[CEF Python] navigateUrl: 
[CEF Python] CefBrowser::CreateBrowserSync()
[CEF Python] App: X error received: type 0, serial 155, error_code 8, request_code 1, minor_code 0

[CEF Python] App: X error received: type 0, serial 156, error_code 3, request_code 2, minor_code 0

[CEF Python] App: X error received: type 0, serial 157, error_code 3, request_code 131, minor_code 46

[CEF Python] App: X error received: type 0, serial 158, error_code 3, request_code 18, minor_code 0

[CEF Python] App: X error received: type 0, serial 159, error_code 3, request_code 18, minor_code 0

[CEF Python] App: X error received: type 0, serial 160, error_code 3, request_code 18, minor_code 0

[CEF Python] App: X error received: type 0, serial 161, error_code 3, request_code 18, minor_code 0

[CEF Python] App: X error received: type 0, serial 162, error_code 3, request_code 18, minor_code 0

[CEF Python] App: X error received: type 0, serial 164, error_code 3, request_code 18, minor_code 0

[CEF Python] App: X error received: type 0, serial 295, error_code 3, request_code 18, minor_code 0

[CEF Python] App: X error received: type 0, serial 297, error_code 3, request_code 129, minor_code 1

[CEF Python] App: X error received: type 0, serial 305, error_code 3, request_code 18, minor_code 0

[CEF Python] App: X error received: type 0, serial 306, error_code 3, request_code 18, minor_code 0

[CEF Python] App: X error received: type 0, serial 307, error_code 3, request_code 8, minor_code 0

[CEF Python] Initialize() called
[CEF Python] CefExecuteProcess(): exitCode = -1
[CEF Python] DEPRECATED: 'release_dcheck_enabled' setting
[CEF Python] CefInitialize()
[CEF Python] App_OnBeforeCommandLineProcessing_BrowserProcess()
[CEF Python] App: Command line string for the browser process:  --browser-subprocess-path=/home/sch/prj/pytigon/ext_lib_cli_lin/cefpython3/subprocess --no-sandbox --lang=en-US --log-file=/home/sch/prj/pytigon/schappdata/schplugins/standard/webview/cef/debug.log --log-severity=info --resources-dir-path=/home/sch/prj/pytigon/ext_lib_cli_lin/cefpython3 --locales-dir-path=/home/sch/prj/pytigon/ext_lib_cli_lin/cefpython3/locales --remote-debugging-port=65194
[CEF Python] BrowserProcessHandler_OnBeforeChildProcessLaunch()
[CEF Python] BrowserProcessHandler_OnBeforeChildProcessLaunch()
[CEF Python] BrowserProcessHandler_OnBeforeChildProcessLaunch()
[CEF Python] WindowUtils::IsWindowHandle() not implemented (always True)
[CEF Python] CreateBrowserSync() called
[CEF Python] navigateUrl: 
[CEF Python] CefBrowser::CreateBrowserSync()
[CEF Python] App: X error received: type 0, serial 155, error_code 8, request_code 1, minor_code 0

[CEF Python] App: X error received: type 0, serial 156, error_code 3, request_code 2, minor_code 0

[CEF Python] App: X error received: type 0, serial 157, error_code 3, request_code 131, minor_code 46

[CEF Python] App: X error received: type 0, serial 158, error_code 3, request_code 18, minor_code 0

[CEF Python] App: X error received: type 0, serial 159, error_code 3, request_code 18, minor_code 0

[CEF Python] App: X error received: type 0, serial 160, error_code 3, request_code 18, minor_code 0

[CEF Python] App: X error received: type 0, serial 161, error_code 3, request_code 18, minor_code 0

[CEF Python] App: X error received: type 0, serial 162, error_code 3, request_code 18, minor_code 0

[CEF Python] App: X error received: type 0, serial 164, error_code 3, request_code 18, minor_code 0

[CEF Python] App: X error received: type 0, serial 295, error_code 3, request_code 18, minor_code 0

[CEF Python] App: X error received: type 0, serial 297, error_code 3, request_code 129, minor_code 1

[CEF Python] App: X error received: type 0, serial 305, error_code 3, request_code 18, minor_code 0

[CEF Python] App: X error received: type 0, serial 306, error_code 3, request_code 18, minor_code 0

[CEF Python] App: X error received: type 0, serial 307, error_code 3, request_code 8, minor_code 0

[CEF Python] Initialize() called
[CEF Python] CefExecuteProcess(): exitCode = -1
[CEF Python] DEPRECATED: 'release_dcheck_enabled' setting
[CEF Python] CefInitialize()
[CEF Python] App_OnBeforeCommandLineProcessing_BrowserProcess()
[CEF Python] App: Command line string for the browser process:  --browser-subprocess-path=/home/sch/prj/pytigon/ext_lib_cli_lin/cefpython3/subprocess --no-sandbox --lang=en-US --log-file=/home/sch/prj/pytigon/schappdata/schplugins/standard/webview/cef/debug.log --log-severity=info --resources-dir-path=/home/sch/prj/pytigon/ext_lib_cli_lin/cefpython3 --locales-dir-path=/home/sch/prj/pytigon/ext_lib_cli_lin/cefpython3/locales --remote-debugging-port=59766
[CEF Python] BrowserProcessHandler_OnBeforeChildProcessLaunch()
[CEF Python] BrowserProcessHandler_OnBeforeChildProcessLaunch()
[CEF Python] BrowserProcessHandler_OnBeforeChildProcessLaunch()
[CEF Python] WindowUtils::IsWindowHandle() not implemented (always True)
[CEF Python] CreateBrowserSync() called
[CEF Python] navigateUrl: 
[CEF Python] CefBrowser::CreateBrowserSync()
[CEF Python] App: X error received: type 0, serial 155, error_code 8, request_code 1, minor_code 0

[CEF Python] App: X error received: type 0, serial 156, error_code 3, request_code 2, minor_code 0

[CEF Python] App: X error received: type 0, serial 157, error_code 3, request_code 131, minor_code 46

[CEF Python] App: X error received: type 0, serial 158, error_code 3, request_code 18, minor_code 0

[CEF Python] App: X error received: type 0, serial 159, error_code 3, request_code 18, minor_code 0

[CEF Python] App: X error received: type 0, serial 160, error_code 3, request_code 18, minor_code 0

[CEF Python] App: X error received: type 0, serial 161, error_code 3, request_code 18, minor_code 0

[CEF Python] App: X error received: type 0, serial 162, error_code 3, request_code 18, minor_code 0

[CEF Python] App: X error received: type 0, serial 164, error_code 3, request_code 18, minor_code 0

[CEF Python] App: X error received: type 0, serial 295, error_code 3, request_code 18, minor_code 0

[CEF Python] App: X error received: type 0, serial 297, error_code 3, request_code 129, minor_code 1

[CEF Python] App: X error received: type 0, serial 305, error_code 3, request_code 18, minor_code 0

[CEF Python] App: X error received: type 0, serial 306, error_code 3, request_code 18, minor_code 0

[CEF Python] App: X error received: type 0, serial 307, error_code 3, request_code 8, minor_code 0

[CEF Python] Initialize() called
[CEF Python] CefExecuteProcess(): exitCode = -1
[CEF Python] DEPRECATED: 'release_dcheck_enabled' setting
[CEF Python] CefInitialize()
[CEF Python] App_OnBeforeCommandLineProcessing_BrowserProcess()
[CEF Python] App: Command line string for the browser process:  --browser-subprocess-path=/home/sch/prj/pytigon/ext_lib_cli_lin/cefpython3/subprocess --no-sandbox --lang=en-US --log-file=/home/sch/prj/pytigon/schappdata/schplugins/standard/webview/cef/debug.log --log-severity=info --resources-dir-path=/home/sch/prj/pytigon/ext_lib_cli_lin/cefpython3 --locales-dir-path=/home/sch/prj/pytigon/ext_lib_cli_lin/cefpython3/locales --remote-debugging-port=58978
[CEF Python] BrowserProcessHandler_OnBeforeChildProcessLaunch()
[CEF Python] BrowserProcessHandler_OnBeforeChildProcessLaunch()
[CEF Python] BrowserProcessHandler_OnBeforeChildProcessLaunch()
[CEF Python] WindowUtils::IsWindowHandle() not implemented (always True)
[CEF Python] CreateBrowserSync() called
[CEF Python] navigateUrl: 
[CEF Python] CefBrowser::CreateBrowserSync()
[CEF Python] App: X error received: type 0, serial 155, error_code 8, request_code 1, minor_code 0

[CEF Python] App: X error received: type 0, serial 156, error_code 3, request_code 2, minor_code 0

[CEF Python] App: X error received: type 0, serial 157, error_code 3, request_code 131, minor_code 46

[CEF Python] App: X error received: type 0, serial 158, error_code 3, request_code 18, minor_code 0

[CEF Python] App: X error received: type 0, serial 159, error_code 3, request_code 18, minor_code 0

[CEF Python] App: X error received: type 0, serial 160, error_code 3, request_code 18, minor_code 0

[CEF Python] App: X error received: type 0, serial 161, error_code 3, request_code 18, minor_code 0

[CEF Python] App: X error received: type 0, serial 162, error_code 3, request_code 18, minor_code 0

[CEF Python] App: X error received: type 0, serial 164, error_code 3, request_code 18, minor_code 0

[CEF Python] App: X error received: type 0, serial 295, error_code 3, request_code 18, minor_code 0

[CEF Python] App: X error received: type 0, serial 297, error_code 3, request_code 129, minor_code 1

[CEF Python] App: X error received: type 0, serial 305, error_code 3, request_code 18, minor_code 0

[CEF Python] App: X error received: type 0, serial 306, error_code 3, request_code 18, minor_code 0

[CEF Python] App: X error received: type 0, serial 307, error_code 3, request_code 8, minor_code 0

[CEF Python] Initialize() called
[CEF Python] CefExecuteProcess(): exitCode = -1
[CEF Python] DEPRECATED: 'release_dcheck_enabled' setting
[CEF Python] CefInitialize()
[CEF Python] App_OnBeforeCommandLineProcessing_BrowserProcess()
[CEF Python] App: Command line string for the browser process:  --browser-subprocess-path=/home/sch/prj/pytigon/python/lib/python3.5/site-packages/cefpython3/subprocess --no-sandbox --lang=en-US --log-file=/home/sch/prj/pytigon/schappdata/schplugins/standard/webview/cef/debug.log --log-severity=info --resources-dir-path=/home/sch/prj/pytigon/python/lib/python3.5/site-packages/cefpython3 --locales-dir-path=/home/sch/prj/pytigon/python/lib/python3.5/site-packages/cefpython3/locales --remote-debugging-port=59222
[CEF Python] BrowserProcessHandler_OnBeforeChildProcessLaunch()
[CEF Python] BrowserProcessHandler_OnBeforeChildProcessLaunch()
[CEF Python] BrowserProcessHandler_OnBeforeChildProcessLaunch()
[CEF Python] WindowUtils::IsWindowHandle() not implemented (always True)
[CEF Python] CreateBrowserSync() called
[CEF Python] navigateUrl: 
[CEF Python] CefBrowser::CreateBrowserSync()
[CEF Python] App: X error received: type 0, serial 155, error_code 8, request_code 1, minor_code 0

[CEF Python] App: X error received: type 0, serial 156, error_code 3, request_code 2, minor_code 0

[CEF Python] App: X error received: type 0, serial 157, error_code 3, request_code 131, minor_code 46

[CEF Python] App: X error received: type 0, serial 158, error_code 3, request_code 18, minor_code 0

[CEF Python] App: X error received: type 0, serial 159, error_code 3, request_code 18, minor_code 0

[CEF Python] App: X error received: type 0, serial 160, error_code 3, request_code 18, minor_code 0

[CEF Python] App: X error received: type 0, serial 161, error_code 3, request_code 18, minor_code 0

[CEF Python] App: X error received: type 0, serial 162, error_code 3, request_code 18, minor_code 0

[CEF Python] App: X error received: type 0, serial 164, error_code 3, request_code 18, minor_code 0

[CEF Python] App: X error received: type 0, serial 295, error_code 3, request_code 18, minor_code 0

[CEF Python] App: X error received: type 0, serial 297, error_code 3, request_code 129, minor_code 1

[CEF Python] App: X error received: type 0, serial 305, error_code 3, request_code 18, minor_code 0

[CEF Python] App: X error received: type 0, serial 306, error_code 3, request_code 18, minor_code 0

[CEF Python] App: X error received: type 0, serial 307, error_code 3, request_code 8, minor_code 0

[CEF Python] Initialize() called
[CEF Python] CefExecuteProcess(): exitCode = -1
[CEF Python] DEPRECATED: 'release_dcheck_enabled' setting
[CEF Python] CefInitialize()
[CEF Python] App_OnBeforeCommandLineProcessing_BrowserProcess()
[CEF Python] App: Command line string for the browser process:  --browser-subprocess-path=/home/sch/prj/pytigon/python/lib/python3.5/site-packages/cefpython3/subprocess --no-sandbox --lang=en-US --log-file=/home/sch/prj/pytigon/schappdata/schplugins/standard/webview/cef/debug.log --log-severity=info --resources-dir-path=/home/sch/prj/pytigon/python/lib/python3.5/site-packages/cefpython3 --locales-dir-path=/home/sch/prj/pytigon/python/lib/python3.5/site-packages/cefpython3/locales --remote-debugging-port=51953
[CEF Python] BrowserProcessHandler_OnBeforeChildProcessLaunch()
[CEF Python] BrowserProcessHandler_OnBeforeChildProcessLaunch()
[CEF Python] BrowserProcessHandler_OnBeforeChildProcessLaunch()
[CEF Python] WindowUtils::IsWindowHandle() not implemented (always True)
[CEF Python] CreateBrowserSync() called
[CEF Python] navigateUrl: 
[CEF Python] CefBrowser::CreateBrowserSync()
[CEF Python] App: X error received: type 0, serial 155, error_code 8, request_code 1, minor_code 0

[CEF Python] App: X error received: type 0, serial 156, error_code 3, request_code 2, minor_code 0

[CEF Python] App: X error received: type 0, serial 157, error_code 3, request_code 131, minor_code 46

[CEF Python] App: X error received: type 0, serial 158, error_code 3, request_code 18, minor_code 0

[CEF Python] App: X error received: type 0, serial 159, error_code 3, request_code 18, minor_code 0

[CEF Python] App: X error received: type 0, serial 160, error_code 3, request_code 18, minor_code 0

[CEF Python] App: X error received: type 0, serial 161, error_code 3, request_code 18, minor_code 0

[CEF Python] App: X error received: type 0, serial 162, error_code 3, request_code 18, minor_code 0

[CEF Python] App: X error received: type 0, serial 164, error_code 3, request_code 18, minor_code 0

[CEF Python] App: X error received: type 0, serial 295, error_code 3, request_code 18, minor_code 0

[CEF Python] App: X error received: type 0, serial 297, error_code 3, request_code 129, minor_code 1

[CEF Python] App: X error received: type 0, serial 305, error_code 3, request_code 18, minor_code 0

[CEF Python] App: X error received: type 0, serial 306, error_code 3, request_code 18, minor_code 0

[CEF Python] App: X error received: type 0, serial 307, error_code 3, request_code 8, minor_code 0

[CEF Python] Initialize() called
[CEF Python] CefExecuteProcess(): exitCode = -1
[CEF Python] DEPRECATED: 'release_dcheck_enabled' setting
[CEF Python] CefInitialize()
[CEF Python] App_OnBeforeCommandLineProcessing_BrowserProcess()
[CEF Python] App: Command line string for the browser process:  --browser-subprocess-path=/home/sch/prj/pytigon/python/lib/python3.5/site-packages/cefpython3/subprocess --no-sandbox --lang=en-US --log-file=/home/sch/prj/pytigon/schappdata/schplugins/standard/webview/cef/debug.log --log-severity=info --resources-dir-path=/home/sch/prj/pytigon/python/lib/python3.5/site-packages/cefpython3 --locales-dir-path=/home/sch/prj/pytigon/python/lib/python3.5/site-packages/cefpython3/locales --remote-debugging-port=63715
[CEF Python] BrowserProcessHandler_OnBeforeChildProcessLaunch()
[CEF Python] BrowserProcessHandler_OnBeforeChildProcessLaunch()
[CEF Python] BrowserProcessHandler_OnBeforeChildProcessLaunch()
[CEF Python] WindowUtils::IsWindowHandle() not implemented (always True)
[CEF Python] CreateBrowserSync() called
[CEF Python] navigateUrl: 
[CEF Python] CefBrowser::CreateBrowserSync()
[CEF Python] App: X error received: type 0, serial 155, error_code 8, request_code 1, minor_code 0

[CEF Python] App: X error received: type 0, serial 156, error_code 3, request_code 2, minor_code 0

[CEF Python] App: X error received: type 0, serial 157, error_code 3, request_code 131, minor_code 46

[CEF Python] App: X error received: type 0, serial 158, error_code 3, request_code 18, minor_code 0

[CEF Python] App: X error received: type 0, serial 159, error_code 3, request_code 18, minor_code 0

[CEF Python] App: X error received: type 0, serial 160, error_code 3, request_code 18, minor_code 0

[CEF Python] App: X error received: type 0, serial 161, error_code 3, request_code 18, minor_code 0

[CEF Python] App: X error received: type 0, serial 162, error_code 3, request_code 18, minor_code 0

[CEF Python] App: X error received: type 0, serial 164, error_code 3, request_code 18, minor_code 0

[CEF Python] App: X error received: type 0, serial 295, error_code 3, request_code 18, minor_code 0

[CEF Python] App: X error received: type 0, serial 297, error_code 3, request_code 129, minor_code 1

[CEF Python] App: X error received: type 0, serial 305, error_code 3, request_code 18, minor_code 0

[CEF Python] App: X error received: type 0, serial 306, error_code 3, request_code 18, minor_code 0

[CEF Python] App: X error received: type 0, serial 307, error_code 3, request_code 8, minor_code 0

[CEF Python] Initialize() called
[CEF Python] CefExecuteProcess(): exitCode = -1
[CEF Python] DEPRECATED: 'release_dcheck_enabled' setting
[CEF Python] CefInitialize()
[CEF Python] App_OnBeforeCommandLineProcessing_BrowserProcess()
[CEF Python] App: Command line string for the browser process:  --browser-subprocess-path=/home/sch/prj/pytigon/python/lib/python3.5/site-packages/cefpython3/subprocess --no-sandbox --lang=en-US --log-file=/home/sch/prj/pytigon/schappdata/schplugins/standard/webview/cef/debug.log --log-severity=info --resources-dir-path=/home/sch/prj/pytigon/python/lib/python3.5/site-packages/cefpython3 --locales-dir-path=/home/sch/prj/pytigon/python/lib/python3.5/site-packages/cefpython3/locales --remote-debugging-port=61457
[CEF Python] BrowserProcessHandler_OnBeforeChildProcessLaunch()
[CEF Python] BrowserProcessHandler_OnBeforeChildProcessLaunch()
[CEF Python] BrowserProcessHandler_OnBeforeChildProcessLaunch()
[CEF Python] WindowUtils::IsWindowHandle() not implemented (always True)
[CEF Python] CreateBrowserSync() called
[CEF Python] navigateUrl: 
[CEF Python] CefBrowser::CreateBrowserSync()
[CEF Python] App: X error received: type 0, serial 155, error_code 8, request_code 1, minor_code 0

[CEF Python] App: X error received: type 0, serial 156, error_code 3, request_code 2, minor_code 0

[CEF Python] App: X error received: type 0, serial 157, error_code 3, request_code 131, minor_code 46

[CEF Python] App: X error received: type 0, serial 158, error_code 3, request_code 18, minor_code 0

[CEF Python] App: X error received: type 0, serial 159, error_code 3, request_code 18, minor_code 0

[CEF Python] App: X error received: type 0, serial 160, error_code 3, request_code 18, minor_code 0

[CEF Python] App: X error received: type 0, serial 161, error_code 3, request_code 18, minor_code 0

[CEF Python] App: X error received: type 0, serial 162, error_code 3, request_code 18, minor_code 0

[CEF Python] App: X error received: type 0, serial 164, error_code 3, request_code 18, minor_code 0

[CEF Python] App: X error received: type 0, serial 295, error_code 3, request_code 18, minor_code 0

[CEF Python] App: X error received: type 0, serial 297, error_code 3, request_code 129, minor_code 1

[CEF Python] App: X error received: type 0, serial 305, error_code 3, request_code 18, minor_code 0

[CEF Python] App: X error received: type 0, serial 306, error_code 3, request_code 18, minor_code 0

[CEF Python] App: X error received: type 0, serial 307, error_code 3, request_code 8, minor_code 0

[CEF Python] Initialize() called
[CEF Python] CefExecuteProcess(): exitCode = -1
[CEF Python] DEPRECATED: 'release_dcheck_enabled' setting
[CEF Python] CefInitialize()
[CEF Python] App_OnBeforeCommandLineProcessing_BrowserProcess()
[CEF Python] App: Command line string for the browser process:  --browser-subprocess-path=/home/sch/prj/pytigon/python/lib/python3.5/site-packages/cefpython3/subprocess --no-sandbox --lang=en-US --log-file=/home/sch/prj/pytigon/schappdata/schplugins/standard/webview/cef/debug.log --log-severity=info --resources-dir-path=/home/sch/prj/pytigon/python/lib/python3.5/site-packages/cefpython3 --locales-dir-path=/home/sch/prj/pytigon/python/lib/python3.5/site-packages/cefpython3/locales --remote-debugging-port=55329
[CEF Python] BrowserProcessHandler_OnBeforeChildProcessLaunch()
[CEF Python] BrowserProcessHandler_OnBeforeChildProcessLaunch()
[CEF Python] BrowserProcessHandler_OnBeforeChildProcessLaunch()
[CEF Python] WindowUtils::IsWindowHandle() not implemented (always True)
[CEF Python] CreateBrowserSync() called
[CEF Python] navigateUrl: 
[CEF Python] CefBrowser::CreateBrowserSync()
[CEF Python] App: X error received: type 0, serial 155, error_code 8, request_code 1, minor_code 0

[CEF Python] App: X error received: type 0, serial 156, error_code 3, request_code 2, minor_code 0

[CEF Python] App: X error received: type 0, serial 157, error_code 3, request_code 131, minor_code 46

[CEF Python] App: X error received: type 0, serial 158, error_code 3, request_code 18, minor_code 0

[CEF Python] App: X error received: type 0, serial 159, error_code 3, request_code 18, minor_code 0

[CEF Python] App: X error received: type 0, serial 160, error_code 3, request_code 18, minor_code 0

[CEF Python] App: X error received: type 0, serial 161, error_code 3, request_code 18, minor_code 0

[CEF Python] App: X error received: type 0, serial 162, error_code 3, request_code 18, minor_code 0

[CEF Python] App: X error received: type 0, serial 164, error_code 3, request_code 18, minor_code 0

[CEF Python] App: X error received: type 0, serial 295, error_code 3, request_code 18, minor_code 0

[CEF Python] App: X error received: type 0, serial 297, error_code 3, request_code 129, minor_code 1

[CEF Python] App: X error received: type 0, serial 305, error_code 3, request_code 18, minor_code 0

[CEF Python] App: X error received: type 0, serial 306, error_code 3, request_code 18, minor_code 0

[CEF Python] App: X error received: type 0, serial 307, error_code 3, request_code 8, minor_code 0

[CEF Python] Initialize() called
[CEF Python] CefExecuteProcess(): exitCode = -1
[CEF Python] DEPRECATED: 'release_dcheck_enabled' setting
[CEF Python] CefInitialize()
[CEF Python] App_OnBeforeCommandLineProcessing_BrowserProcess()
[CEF Python] App: Command line string for the browser process:  --browser-subprocess-path=/home/sch/prj/pytigon/python/lib/python3.5/site-packages/cefpython3/subprocess --no-sandbox --lang=en-US --log-file=/home/sch/prj/pytigon/schappdata/schplugins/standard/webview/cef/debug.log --log-severity=info --resources-dir-path=/home/sch/prj/pytigon/python/lib/python3.5/site-packages/cefpython3 --locales-dir-path=/home/sch/prj/pytigon/python/lib/python3.5/site-packages/cefpython3/locales --remote-debugging-port=59395
[CEF Python] BrowserProcessHandler_OnBeforeChildProcessLaunch()
[CEF Python] BrowserProcessHandler_OnBeforeChildProcessLaunch()
[CEF Python] BrowserProcessHandler_OnBeforeChildProcessLaunch()
[CEF Python] WindowUtils::IsWindowHandle() not implemented (always True)
[CEF Python] CreateBrowserSync() called
[CEF Python] navigateUrl: 
[CEF Python] CefBrowser::CreateBrowserSync()
[CEF Python] App: X error received: type 0, serial 155, error_code 8, request_code 1, minor_code 0

[CEF Python] App: X error received: type 0, serial 156, error_code 3, request_code 2, minor_code 0

[CEF Python] App: X error received: type 0, serial 157, error_code 3, request_code 131, minor_code 46

[CEF Python] App: X error received: type 0, serial 158, error_code 3, request_code 18, minor_code 0

[CEF Python] App: X error received: type 0, serial 159, error_code 3, request_code 18, minor_code 0

[CEF Python] App: X error received: type 0, serial 160, error_code 3, request_code 18, minor_code 0

[CEF Python] App: X error received: type 0, serial 161, error_code 3, request_code 18, minor_code 0

[CEF Python] App: X error received: type 0, serial 162, error_code 3, request_code 18, minor_code 0

[CEF Python] App: X error received: type 0, serial 164, error_code 3, request_code 18, minor_code 0

[CEF Python] App: X error received: type 0, serial 295, error_code 3, request_code 18, minor_code 0

[CEF Python] App: X error received: type 0, serial 297, error_code 3, request_code 129, minor_code 1

[CEF Python] App: X error received: type 0, serial 305, error_code 3, request_code 18, minor_code 0

[CEF Python] App: X error received: type 0, serial 306, error_code 3, request_code 18, minor_code 0

[CEF Python] App: X error received: type 0, serial 307, error_code 3, request_code 8, minor_code 0

[CEF Python] Initialize() called
[CEF Python] CefExecuteProcess(): exitCode = -1
[CEF Python] DEPRECATED: 'release_dcheck_enabled' setting
[CEF Python] CefInitialize()
[CEF Python] App_OnBeforeCommandLineProcessing_BrowserProcess()
[CEF Python] App: Command line string for the browser process:  --browser-subprocess-path=/home/sch/prj/pytigon/python/lib/python3.5/site-packages/cefpython3/subprocess --no-sandbox --lang=en-US --log-file=/home/sch/prj/pytigon/schappdata/schplugins/standard/webview/cef/debug.log --log-severity=info --resources-dir-path=/home/sch/prj/pytigon/python/lib/python3.5/site-packages/cefpython3 --locales-dir-path=/home/sch/prj/pytigon/python/lib/python3.5/site-packages/cefpython3/locales --remote-debugging-port=64290
[CEF Python] BrowserProcessHandler_OnBeforeChildProcessLaunch()
[CEF Python] BrowserProcessHandler_OnBeforeChildProcessLaunch()
[CEF Python] BrowserProcessHandler_OnBeforeChildProcessLaunch()
[CEF Python] WindowUtils::IsWindowHandle() not implemented (always True)
[CEF Python] CreateBrowserSync() called
[CEF Python] navigateUrl: 
[CEF Python] CefBrowser::CreateBrowserSync()
[CEF Python] App: X error received: type 0, serial 155, error_code 8, request_code 1, minor_code 0

[CEF Python] App: X error received: type 0, serial 156, error_code 3, request_code 2, minor_code 0

[CEF Python] App: X error received: type 0, serial 157, error_code 3, request_code 131, minor_code 46

[CEF Python] App: X error received: type 0, serial 158, error_code 3, request_code 18, minor_code 0

[CEF Python] App: X error received: type 0, serial 159, error_code 3, request_code 18, minor_code 0

[CEF Python] App: X error received: type 0, serial 160, error_code 3, request_code 18, minor_code 0

[CEF Python] App: X error received: type 0, serial 161, error_code 3, request_code 18, minor_code 0

[CEF Python] App: X error received: type 0, serial 162, error_code 3, request_code 18, minor_code 0

[CEF Python] App: X error received: type 0, serial 164, error_code 3, request_code 18, minor_code 0

[CEF Python] App: X error received: type 0, serial 295, error_code 3, request_code 18, minor_code 0

[CEF Python] App: X error received: type 0, serial 297, error_code 3, request_code 129, minor_code 1

[CEF Python] App: X error received: type 0, serial 305, error_code 3, request_code 18, minor_code 0

[CEF Python] App: X error received: type 0, serial 306, error_code 3, request_code 18, minor_code 0

[CEF Python] App: X error received: type 0, serial 307, error_code 3, request_code 8, minor_code 0

[CEF Python] Initialize() called
[CEF Python] CefExecuteProcess(): exitCode = -1
[CEF Python] DEPRECATED: 'release_dcheck_enabled' setting
[CEF Python] CefInitialize()
[CEF Python] App_OnBeforeCommandLineProcessing_BrowserProcess()
[CEF Python] App: Command line string for the browser process:  --browser-subprocess-path=/home/sch/prj/pytigon/python/lib/python3.5/site-packages/cefpython3/subprocess --no-sandbox --lang=en-US --log-file=/home/sch/prj/pytigon/schappdata/schplugins/standard/webview/cef/debug.log --log-severity=info --resources-dir-path=/home/sch/prj/pytigon/python/lib/python3.5/site-packages/cefpython3 --locales-dir-path=/home/sch/prj/pytigon/python/lib/python3.5/site-packages/cefpython3/locales --remote-debugging-port=64854
[CEF Python] BrowserProcessHandler_OnBeforeChildProcessLaunch()
[CEF Python] BrowserProcessHandler_OnBeforeChildProcessLaunch()
[CEF Python] BrowserProcessHandler_OnBeforeChildProcessLaunch()
[CEF Python] WindowUtils::IsWindowHandle() not implemented (always True)
[CEF Python] CreateBrowserSync() called
[CEF Python] navigateUrl: 
[CEF Python] CefBrowser::CreateBrowserSync()
[CEF Python] App: X error received: type 0, serial 155, error_code 8, request_code 1, minor_code 0

[CEF Python] App: X error received: type 0, serial 156, error_code 3, request_code 2, minor_code 0

[CEF Python] App: X error received: type 0, serial 157, error_code 3, request_code 131, minor_code 46

[CEF Python] App: X error received: type 0, serial 158, error_code 3, request_code 18, minor_code 0

[CEF Python] App: X error received: type 0, serial 159, error_code 3, request_code 18, minor_code 0

[CEF Python] App: X error received: type 0, serial 160, error_code 3, request_code 18, minor_code 0

[CEF Python] App: X error received: type 0, serial 161, error_code 3, request_code 18, minor_code 0

[CEF Python] App: X error received: type 0, serial 162, error_code 3, request_code 18, minor_code 0

[CEF Python] App: X error received: type 0, serial 164, error_code 3, request_code 18, minor_code 0

[CEF Python] App: X error received: type 0, serial 295, error_code 3, request_code 18, minor_code 0

[CEF Python] App: X error received: type 0, serial 297, error_code 3, request_code 129, minor_code 1

[CEF Python] App: X error received: type 0, serial 305, error_code 3, request_code 18, minor_code 0

[CEF Python] App: X error received: type 0, serial 306, error_code 3, request_code 18, minor_code 0

[CEF Python] App: X error received: type 0, serial 307, error_code 3, request_code 8, minor_code 0

[CEF Python] Initialize() called
[CEF Python] CefExecuteProcess(): exitCode = -1
[CEF Python] DEPRECATED: 'release_dcheck_enabled' setting
[CEF Python] CefInitialize()
[CEF Python] App_OnBeforeCommandLineProcessing_BrowserProcess()
[CEF Python] App: Command line string for the browser process:  --browser-subprocess-path=/home/sch/prj/pytigon/python/lib/python3.5/site-packages/cefpython3/subprocess --no-sandbox --lang=en-US --log-file=/home/sch/prj/pytigon/schappdata/schplugins/standard/webview/cef/debug.log --log-severity=info --resources-dir-path=/home/sch/prj/pytigon/python/lib/python3.5/site-packages/cefpython3 --locales-dir-path=/home/sch/prj/pytigon/python/lib/python3.5/site-packages/cefpython3/locales --remote-debugging-port=54190
[CEF Python] BrowserProcessHandler_OnBeforeChildProcessLaunch()
[CEF Python] BrowserProcessHandler_OnBeforeChildProcessLaunch()
[CEF Python] BrowserProcessHandler_OnBeforeChildProcessLaunch()
[CEF Python] WindowUtils::IsWindowHandle() not implemented (always True)
[CEF Python] CreateBrowserSync() called
[CEF Python] navigateUrl: 
[CEF Python] CefBrowser::CreateBrowserSync()
[CEF Python] App: X error received: type 0, serial 155, error_code 8, request_code 1, minor_code 0

[CEF Python] App: X error received: type 0, serial 156, error_code 3, request_code 2, minor_code 0

[CEF Python] App: X error received: type 0, serial 157, error_code 3, request_code 131, minor_code 46

[CEF Python] App: X error received: type 0, serial 158, error_code 3, request_code 18, minor_code 0

[CEF Python] App: X error received: type 0, serial 159, error_code 3, request_code 18, minor_code 0

[CEF Python] App: X error received: type 0, serial 160, error_code 3, request_code 18, minor_code 0

[CEF Python] App: X error received: type 0, serial 161, error_code 3, request_code 18, minor_code 0

[CEF Python] App: X error received: type 0, serial 162, error_code 3, request_code 18, minor_code 0

[CEF Python] App: X error received: type 0, serial 164, error_code 3, request_code 18, minor_code 0

[CEF Python] App: X error received: type 0, serial 295, error_code 3, request_code 18, minor_code 0

[CEF Python] App: X error received: type 0, serial 297, error_code 3, request_code 129, minor_code 1

[CEF Python] App: X error received: type 0, serial 305, error_code 3, request_code 18, minor_code 0

[CEF Python] App: X error received: type 0, serial 306, error_code 3, request_code 18, minor_code 0

[CEF Python] App: X error received: type 0, serial 307, error_code 3, request_code 8, minor_code 0

[CEF Python] Initialize() called
[CEF Python] CefExecuteProcess(): exitCode = -1
[CEF Python] DEPRECATED: 'release_dcheck_enabled' setting
[CEF Python] CefInitialize()
[CEF Python] App_OnBeforeCommandLineProcessing_BrowserProcess()
[CEF Python] App: Command line string for the browser process:  --browser-subprocess-path=/home/sch/prj/pytigon/python/lib/python3.5/site-packages/cefpython3/subprocess --no-sandbox --lang=en-US --log-file=/home/sch/prj/pytigon/schappdata/schplugins/standard/webview/cef/debug.log --log-severity=info --resources-dir-path=/home/sch/prj/pytigon/python/lib/python3.5/site-packages/cefpython3 --locales-dir-path=/home/sch/prj/pytigon/python/lib/python3.5/site-packages/cefpython3/locales --remote-debugging-port=50244
[CEF Python] BrowserProcessHandler_OnBeforeChildProcessLaunch()
[CEF Python] BrowserProcessHandler_OnBeforeChildProcessLaunch()
[CEF Python] BrowserProcessHandler_OnBeforeChildProcessLaunch()
[CEF Python] WindowUtils::IsWindowHandle() not implemented (always True)
[CEF Python] CreateBrowserSync() called
[CEF Python] navigateUrl: 
[CEF Python] CefBrowser::CreateBrowserSync()
[CEF Python] App: X error received: type 0, serial 155, error_code 8, request_code 1, minor_code 0

[CEF Python] App: X error received: type 0, serial 156, error_code 3, request_code 2, minor_code 0

[CEF Python] App: X error received: type 0, serial 157, error_code 3, request_code 131, minor_code 46

[CEF Python] App: X error received: type 0, serial 158, error_code 3, request_code 18, minor_code 0

[CEF Python] App: X error received: type 0, serial 159, error_code 3, request_code 18, minor_code 0

[CEF Python] App: X error received: type 0, serial 160, error_code 3, request_code 18, minor_code 0

[CEF Python] App: X error received: type 0, serial 161, error_code 3, request_code 18, minor_code 0

[CEF Python] App: X error received: type 0, serial 162, error_code 3, request_code 18, minor_code 0

[CEF Python] App: X error received: type 0, serial 164, error_code 3, request_code 18, minor_code 0

[CEF Python] App: X error received: type 0, serial 295, error_code 3, request_code 18, minor_code 0

[CEF Python] App: X error received: type 0, serial 297, error_code 3, request_code 129, minor_code 1

[CEF Python] App: X error received: type 0, serial 305, error_code 3, request_code 18, minor_code 0

[CEF Python] App: X error received: type 0, serial 306, error_code 3, request_code 18, minor_code 0

[CEF Python] App: X error received: type 0, serial 307, error_code 3, request_code 8, minor_code 0

